<?xml version="1.0" encoding="UTF-8"?>
<!-- Generated by org.testng.reporters.JUnitReportReporter -->
<testsuite skipped="0" hostname="Hacker" name="Amplify.GeneralStoreApp" tests="1" failures="0" timestamp="06 Sep 2020 06:55:00 GMT" time="30.859" errors="0">
  <testcase name="bb" time="30.859" classname="Amplify.GeneralStoreApp"/>
</testsuite> <!-- Amplify.GeneralStoreApp -->
